<?xml version="1.0" encoding="UTF-8"?>
<testsuite xmlns:xsi="http://www.w3.org/2001/XMLSchema-instance" xsi:noNamespaceSchemaLocation="https://maven.apache.org/surefire/maven-surefire-plugin/xsd/surefire-test-report.xsd" version="3.0.2" name="runner.TestRunner" time="0.781" tests="6" errors="0" skipped="0" failures="0">
  <properties>
    <property name="java.specification.version" value="23"/>
    <property name="sun.jnu.encoding" value="UTF-8"/>
    <property name="java.class.path" value="/Users/rubuait/eclipse-workspace/Enthrall_IT_Bdd_Framework/target/test-classes:/Users/rubuait/eclipse-workspace/Enthrall_IT_Bdd_Framework/target/classes:/Users/rubuait/.m2/repository/org/seleniumhq/selenium/selenium-java/4.28.1/selenium-java-4.28.1.jar:/Users/rubuait/.m2/repository/org/seleniumhq/selenium/selenium-api/4.28.1/selenium-api-4.28.1.jar:/Users/rubuait/.m2/repository/org/jspecify/jspecify/1.0.0/jspecify-1.0.0.jar:/Users/rubuait/.m2/repository/org/seleniumhq/selenium/selenium-chrome-driver/4.28.1/selenium-chrome-driver-4.28.1.jar:/Users/rubuait/.m2/repository/com/google/auto/service/auto-service-annotations/1.1.1/auto-service-annotations-1.1.1.jar:/Users/rubuait/.m2/repository/org/seleniumhq/selenium/selenium-chromium-driver/4.28.1/selenium-chromium-driver-4.28.1.jar:/Users/rubuait/.m2/repository/org/seleniumhq/selenium/selenium-json/4.28.1/selenium-json-4.28.1.jar:/Users/rubuait/.m2/repository/org/seleniumhq/selenium/selenium-manager/4.28.1/selenium-manager-4.28.1.jar:/Users/rubuait/.m2/repository/org/seleniumhq/selenium/selenium-devtools-v130/4.28.1/selenium-devtools-v130-4.28.1.jar:/Users/rubuait/.m2/repository/org/seleniumhq/selenium/selenium-devtools-v131/4.28.1/selenium-devtools-v131-4.28.1.jar:/Users/rubuait/.m2/repository/org/seleniumhq/selenium/selenium-devtools-v132/4.28.1/selenium-devtools-v132-4.28.1.jar:/Users/rubuait/.m2/repository/org/seleniumhq/selenium/selenium-devtools-v85/4.28.1/selenium-devtools-v85-4.28.1.jar:/Users/rubuait/.m2/repository/org/seleniumhq/selenium/selenium-edge-driver/4.28.1/selenium-edge-driver-4.28.1.jar:/Users/rubuait/.m2/repository/org/seleniumhq/selenium/selenium-firefox-driver/4.28.1/selenium-firefox-driver-4.28.1.jar:/Users/rubuait/.m2/repository/org/seleniumhq/selenium/selenium-http/4.28.1/selenium-http-4.28.1.jar:/Users/rubuait/.m2/repository/org/seleniumhq/selenium/selenium-ie-driver/4.28.1/selenium-ie-driver-4.28.1.jar:/Users/rubuait/.m2/repository/org/seleniumhq/selenium/selenium-remote-driver/4.28.1/selenium-remote-driver-4.28.1.jar:/Users/rubuait/.m2/repository/com/google/guava/guava/33.4.0-jre/guava-33.4.0-jre.jar:/Users/rubuait/.m2/repository/com/google/guava/failureaccess/1.0.2/failureaccess-1.0.2.jar:/Users/rubuait/.m2/repository/com/google/guava/listenablefuture/9999.0-empty-to-avoid-conflict-with-guava/listenablefuture-9999.0-empty-to-avoid-conflict-with-guava.jar:/Users/rubuait/.m2/repository/com/google/code/findbugs/jsr305/3.0.2/jsr305-3.0.2.jar:/Users/rubuait/.m2/repository/org/checkerframework/checker-qual/3.43.0/checker-qual-3.43.0.jar:/Users/rubuait/.m2/repository/com/google/j2objc/j2objc-annotations/3.0.0/j2objc-annotations-3.0.0.jar:/Users/rubuait/.m2/repository/io/opentelemetry/semconv/opentelemetry-semconv/1.28.0-alpha/opentelemetry-semconv-1.28.0-alpha.jar:/Users/rubuait/.m2/repository/io/opentelemetry/opentelemetry-api/1.46.0/opentelemetry-api-1.46.0.jar:/Users/rubuait/.m2/repository/io/opentelemetry/opentelemetry-context/1.46.0/opentelemetry-context-1.46.0.jar:/Users/rubuait/.m2/repository/io/opentelemetry/opentelemetry-exporter-logging/1.46.0/opentelemetry-exporter-logging-1.46.0.jar:/Users/rubuait/.m2/repository/io/opentelemetry/opentelemetry-sdk-common/1.46.0/opentelemetry-sdk-common-1.46.0.jar:/Users/rubuait/.m2/repository/io/opentelemetry/opentelemetry-sdk-extension-autoconfigure-spi/1.46.0/opentelemetry-sdk-extension-autoconfigure-spi-1.46.0.jar:/Users/rubuait/.m2/repository/io/opentelemetry/opentelemetry-sdk-extension-autoconfigure/1.46.0/opentelemetry-sdk-extension-autoconfigure-1.46.0.jar:/Users/rubuait/.m2/repository/io/opentelemetry/opentelemetry-api-incubator/1.46.0-alpha/opentelemetry-api-incubator-1.46.0-alpha.jar:/Users/rubuait/.m2/repository/io/opentelemetry/opentelemetry-sdk-trace/1.46.0/opentelemetry-sdk-trace-1.46.0.jar:/Users/rubuait/.m2/repository/io/opentelemetry/opentelemetry-sdk/1.46.0/opentelemetry-sdk-1.46.0.jar:/Users/rubuait/.m2/repository/io/opentelemetry/opentelemetry-sdk-metrics/1.46.0/opentelemetry-sdk-metrics-1.46.0.jar:/Users/rubuait/.m2/repository/io/opentelemetry/opentelemetry-sdk-logs/1.46.0/opentelemetry-sdk-logs-1.46.0.jar:/Users/rubuait/.m2/repository/net/bytebuddy/byte-buddy/1.15.11/byte-buddy-1.15.11.jar:/Users/rubuait/.m2/repository/org/seleniumhq/selenium/selenium-os/4.28.1/selenium-os-4.28.1.jar:/Users/rubuait/.m2/repository/org/apache/commons/commons-exec/1.4.0/commons-exec-1.4.0.jar:/Users/rubuait/.m2/repository/org/seleniumhq/selenium/selenium-safari-driver/4.28.1/selenium-safari-driver-4.28.1.jar:/Users/rubuait/.m2/repository/org/seleniumhq/selenium/selenium-support/4.28.1/selenium-support-4.28.1.jar:/Users/rubuait/.m2/repository/io/cucumber/cucumber-java/7.20.1/cucumber-java-7.20.1.jar:/Users/rubuait/.m2/repository/io/cucumber/cucumber-core/7.20.1/cucumber-core-7.20.1.jar:/Users/rubuait/.m2/repository/io/cucumber/cucumber-gherkin/7.20.1/cucumber-gherkin-7.20.1.jar:/Users/rubuait/.m2/repository/io/cucumber/cucumber-gherkin-messages/7.20.1/cucumber-gherkin-messages-7.20.1.jar:/Users/rubuait/.m2/repository/io/cucumber/gherkin/28.0.0/gherkin-28.0.0.jar:/Users/rubuait/.m2/repository/io/cucumber/messages/24.1.0/messages-24.1.0.jar:/Users/rubuait/.m2/repository/io/cucumber/testng-xml-formatter/0.2.0/testng-xml-formatter-0.2.0.jar:/Users/rubuait/.m2/repository/io/cucumber/query/12.2.0/query-12.2.0.jar:/Users/rubuait/.m2/repository/io/cucumber/tag-expressions/6.1.0/tag-expressions-6.1.0.jar:/Users/rubuait/.m2/repository/io/cucumber/cucumber-expressions/17.1.0/cucumber-expressions-17.1.0.jar:/Users/rubuait/.m2/repository/io/cucumber/datatable/7.20.1/datatable-7.20.1.jar:/Users/rubuait/.m2/repository/io/cucumber/cucumber-plugin/7.20.1/cucumber-plugin-7.20.1.jar:/Users/rubuait/.m2/repository/io/cucumber/docstring/7.20.1/docstring-7.20.1.jar:/Users/rubuait/.m2/repository/io/cucumber/html-formatter/21.7.0/html-formatter-21.7.0.jar:/Users/rubuait/.m2/repository/io/cucumber/junit-xml-formatter/0.5.0/junit-xml-formatter-0.5.0.jar:/Users/rubuait/.m2/repository/io/cucumber/ci-environment/10.0.1/ci-environment-10.0.1.jar:/Users/rubuait/.m2/repository/org/apiguardian/apiguardian-api/1.1.2/apiguardian-api-1.1.2.jar:/Users/rubuait/.m2/repository/io/cucumber/cucumber-junit/7.20.1/cucumber-junit-7.20.1.jar:/Users/rubuait/.m2/repository/junit/junit/4.13.2/junit-4.13.2.jar:/Users/rubuait/.m2/repository/org/hamcrest/hamcrest-core/1.3/hamcrest-core-1.3.jar:/Users/rubuait/.m2/repository/io/github/bonigarcia/webdrivermanager/5.9.2/webdrivermanager-5.9.2.jar:/Users/rubuait/.m2/repository/com/google/code/gson/gson/2.11.0/gson-2.11.0.jar:/Users/rubuait/.m2/repository/com/google/errorprone/error_prone_annotations/2.27.0/error_prone_annotations-2.27.0.jar:/Users/rubuait/.m2/repository/com/github/docker-java/docker-java/3.4.0/docker-java-3.4.0.jar:/Users/rubuait/.m2/repository/com/github/docker-java/docker-java-core/3.4.0/docker-java-core-3.4.0.jar:/Users/rubuait/.m2/repository/com/github/docker-java/docker-java-api/3.4.0/docker-java-api-3.4.0.jar:/Users/rubuait/.m2/repository/com/fasterxml/jackson/core/jackson-annotations/2.10.3/jackson-annotations-2.10.3.jar:/Users/rubuait/.m2/repository/com/fasterxml/jackson/core/jackson-databind/2.10.3/jackson-databind-2.10.3.jar:/Users/rubuait/.m2/repository/com/fasterxml/jackson/core/jackson-core/2.10.3/jackson-core-2.10.3.jar:/Users/rubuait/.m2/repository/org/slf4j/jcl-over-slf4j/1.7.30/jcl-over-slf4j-1.7.30.jar:/Users/rubuait/.m2/repository/com/github/docker-java/docker-java-transport-httpclient5/3.4.0/docker-java-transport-httpclient5-3.4.0.jar:/Users/rubuait/.m2/repository/com/github/docker-java/docker-java-transport/3.4.0/docker-java-transport-3.4.0.jar:/Users/rubuait/.m2/repository/net/java/dev/jna/jna/5.13.0/jna-5.13.0.jar:/Users/rubuait/.m2/repository/org/brotli/dec/0.1.2/dec-0.1.2.jar:/Users/rubuait/.m2/repository/org/apache/commons/commons-lang3/3.15.0/commons-lang3-3.15.0.jar:/Users/rubuait/.m2/repository/org/apache/commons/commons-compress/1.26.2/commons-compress-1.26.2.jar:/Users/rubuait/.m2/repository/commons-codec/commons-codec/1.17.0/commons-codec-1.17.0.jar:/Users/rubuait/.m2/repository/commons-io/commons-io/2.16.1/commons-io-2.16.1.jar:/Users/rubuait/.m2/repository/org/apache/httpcomponents/client5/httpclient5/5.2.1/httpclient5-5.2.1.jar:/Users/rubuait/.m2/repository/org/apache/httpcomponents/core5/httpcore5/5.2/httpcore5-5.2.jar:/Users/rubuait/.m2/repository/org/apache/httpcomponents/core5/httpcore5-h2/5.2/httpcore5-h2-5.2.jar:/Users/rubuait/.m2/repository/org/slf4j/slf4j-api/2.0.16/slf4j-api-2.0.16.jar:/Users/rubuait/.m2/repository/org/slf4j/slf4j-simple/2.0.16/slf4j-simple-2.0.16.jar:"/>
    <property name="java.vm.vendor" value="Homebrew"/>
    <property name="sun.arch.data.model" value="64"/>
    <property name="java.vendor.url" value="https://github.com/Homebrew/homebrew-core/issues"/>
    <property name="os.name" value="Mac OS X"/>
    <property name="java.vm.specification.version" value="23"/>
    <property name="sun.java.launcher" value="SUN_STANDARD"/>
    <property name="user.country" value="US"/>
    <property name="sun.boot.library.path" value="/usr/local/Cellar/openjdk/23.0.1/libexec/openjdk.jdk/Contents/Home/lib"/>
    <property name="sun.java.command" value="/Users/rubuait/eclipse-workspace/Enthrall_IT_Bdd_Framework/target/surefire/surefirebooter-20250223214513759_3.jar /Users/rubuait/eclipse-workspace/Enthrall_IT_Bdd_Framework/target/surefire 2025-02-23T21-45-13_664-jvmRun1 surefire-20250223214513759_1tmp surefire_0-20250223214513759_2tmp"/>
    <property name="http.nonProxyHosts" value="local|*.local|169.254/16|*.169.254/16"/>
    <property name="jdk.debug" value="release"/>
    <property name="surefire.test.class.path" value="/Users/rubuait/eclipse-workspace/Enthrall_IT_Bdd_Framework/target/test-classes:/Users/rubuait/eclipse-workspace/Enthrall_IT_Bdd_Framework/target/classes:/Users/rubuait/.m2/repository/org/seleniumhq/selenium/selenium-java/4.28.1/selenium-java-4.28.1.jar:/Users/rubuait/.m2/repository/org/seleniumhq/selenium/selenium-api/4.28.1/selenium-api-4.28.1.jar:/Users/rubuait/.m2/repository/org/jspecify/jspecify/1.0.0/jspecify-1.0.0.jar:/Users/rubuait/.m2/repository/org/seleniumhq/selenium/selenium-chrome-driver/4.28.1/selenium-chrome-driver-4.28.1.jar:/Users/rubuait/.m2/repository/com/google/auto/service/auto-service-annotations/1.1.1/auto-service-annotations-1.1.1.jar:/Users/rubuait/.m2/repository/org/seleniumhq/selenium/selenium-chromium-driver/4.28.1/selenium-chromium-driver-4.28.1.jar:/Users/rubuait/.m2/repository/org/seleniumhq/selenium/selenium-json/4.28.1/selenium-json-4.28.1.jar:/Users/rubuait/.m2/repository/org/seleniumhq/selenium/selenium-manager/4.28.1/selenium-manager-4.28.1.jar:/Users/rubuait/.m2/repository/org/seleniumhq/selenium/selenium-devtools-v130/4.28.1/selenium-devtools-v130-4.28.1.jar:/Users/rubuait/.m2/repository/org/seleniumhq/selenium/selenium-devtools-v131/4.28.1/selenium-devtools-v131-4.28.1.jar:/Users/rubuait/.m2/repository/org/seleniumhq/selenium/selenium-devtools-v132/4.28.1/selenium-devtools-v132-4.28.1.jar:/Users/rubuait/.m2/repository/org/seleniumhq/selenium/selenium-devtools-v85/4.28.1/selenium-devtools-v85-4.28.1.jar:/Users/rubuait/.m2/repository/org/seleniumhq/selenium/selenium-edge-driver/4.28.1/selenium-edge-driver-4.28.1.jar:/Users/rubuait/.m2/repository/org/seleniumhq/selenium/selenium-firefox-driver/4.28.1/selenium-firefox-driver-4.28.1.jar:/Users/rubuait/.m2/repository/org/seleniumhq/selenium/selenium-http/4.28.1/selenium-http-4.28.1.jar:/Users/rubuait/.m2/repository/org/seleniumhq/selenium/selenium-ie-driver/4.28.1/selenium-ie-driver-4.28.1.jar:/Users/rubuait/.m2/repository/org/seleniumhq/selenium/selenium-remote-driver/4.28.1/selenium-remote-driver-4.28.1.jar:/Users/rubuait/.m2/repository/com/google/guava/guava/33.4.0-jre/guava-33.4.0-jre.jar:/Users/rubuait/.m2/repository/com/google/guava/failureaccess/1.0.2/failureaccess-1.0.2.jar:/Users/rubuait/.m2/repository/com/google/guava/listenablefuture/9999.0-empty-to-avoid-conflict-with-guava/listenablefuture-9999.0-empty-to-avoid-conflict-with-guava.jar:/Users/rubuait/.m2/repository/com/google/code/findbugs/jsr305/3.0.2/jsr305-3.0.2.jar:/Users/rubuait/.m2/repository/org/checkerframework/checker-qual/3.43.0/checker-qual-3.43.0.jar:/Users/rubuait/.m2/repository/com/google/j2objc/j2objc-annotations/3.0.0/j2objc-annotations-3.0.0.jar:/Users/rubuait/.m2/repository/io/opentelemetry/semconv/opentelemetry-semconv/1.28.0-alpha/opentelemetry-semconv-1.28.0-alpha.jar:/Users/rubuait/.m2/repository/io/opentelemetry/opentelemetry-api/1.46.0/opentelemetry-api-1.46.0.jar:/Users/rubuait/.m2/repository/io/opentelemetry/opentelemetry-context/1.46.0/opentelemetry-context-1.46.0.jar:/Users/rubuait/.m2/repository/io/opentelemetry/opentelemetry-exporter-logging/1.46.0/opentelemetry-exporter-logging-1.46.0.jar:/Users/rubuait/.m2/repository/io/opentelemetry/opentelemetry-sdk-common/1.46.0/opentelemetry-sdk-common-1.46.0.jar:/Users/rubuait/.m2/repository/io/opentelemetry/opentelemetry-sdk-extension-autoconfigure-spi/1.46.0/opentelemetry-sdk-extension-autoconfigure-spi-1.46.0.jar:/Users/rubuait/.m2/repository/io/opentelemetry/opentelemetry-sdk-extension-autoconfigure/1.46.0/opentelemetry-sdk-extension-autoconfigure-1.46.0.jar:/Users/rubuait/.m2/repository/io/opentelemetry/opentelemetry-api-incubator/1.46.0-alpha/opentelemetry-api-incubator-1.46.0-alpha.jar:/Users/rubuait/.m2/repository/io/opentelemetry/opentelemetry-sdk-trace/1.46.0/opentelemetry-sdk-trace-1.46.0.jar:/Users/rubuait/.m2/repository/io/opentelemetry/opentelemetry-sdk/1.46.0/opentelemetry-sdk-1.46.0.jar:/Users/rubuait/.m2/repository/io/opentelemetry/opentelemetry-sdk-metrics/1.46.0/opentelemetry-sdk-metrics-1.46.0.jar:/Users/rubuait/.m2/repository/io/opentelemetry/opentelemetry-sdk-logs/1.46.0/opentelemetry-sdk-logs-1.46.0.jar:/Users/rubuait/.m2/repository/net/bytebuddy/byte-buddy/1.15.11/byte-buddy-1.15.11.jar:/Users/rubuait/.m2/repository/org/seleniumhq/selenium/selenium-os/4.28.1/selenium-os-4.28.1.jar:/Users/rubuait/.m2/repository/org/apache/commons/commons-exec/1.4.0/commons-exec-1.4.0.jar:/Users/rubuait/.m2/repository/org/seleniumhq/selenium/selenium-safari-driver/4.28.1/selenium-safari-driver-4.28.1.jar:/Users/rubuait/.m2/repository/org/seleniumhq/selenium/selenium-support/4.28.1/selenium-support-4.28.1.jar:/Users/rubuait/.m2/repository/io/cucumber/cucumber-java/7.20.1/cucumber-java-7.20.1.jar:/Users/rubuait/.m2/repository/io/cucumber/cucumber-core/7.20.1/cucumber-core-7.20.1.jar:/Users/rubuait/.m2/repository/io/cucumber/cucumber-gherkin/7.20.1/cucumber-gherkin-7.20.1.jar:/Users/rubuait/.m2/repository/io/cucumber/cucumber-gherkin-messages/7.20.1/cucumber-gherkin-messages-7.20.1.jar:/Users/rubuait/.m2/repository/io/cucumber/gherkin/28.0.0/gherkin-28.0.0.jar:/Users/rubuait/.m2/repository/io/cucumber/messages/24.1.0/messages-24.1.0.jar:/Users/rubuait/.m2/repository/io/cucumber/testng-xml-formatter/0.2.0/testng-xml-formatter-0.2.0.jar:/Users/rubuait/.m2/repository/io/cucumber/query/12.2.0/query-12.2.0.jar:/Users/rubuait/.m2/repository/io/cucumber/tag-expressions/6.1.0/tag-expressions-6.1.0.jar:/Users/rubuait/.m2/repository/io/cucumber/cucumber-expressions/17.1.0/cucumber-expressions-17.1.0.jar:/Users/rubuait/.m2/repository/io/cucumber/datatable/7.20.1/datatable-7.20.1.jar:/Users/rubuait/.m2/repository/io/cucumber/cucumber-plugin/7.20.1/cucumber-plugin-7.20.1.jar:/Users/rubuait/.m2/repository/io/cucumber/docstring/7.20.1/docstring-7.20.1.jar:/Users/rubuait/.m2/repository/io/cucumber/html-formatter/21.7.0/html-formatter-21.7.0.jar:/Users/rubuait/.m2/repository/io/cucumber/junit-xml-formatter/0.5.0/junit-xml-formatter-0.5.0.jar:/Users/rubuait/.m2/repository/io/cucumber/ci-environment/10.0.1/ci-environment-10.0.1.jar:/Users/rubuait/.m2/repository/org/apiguardian/apiguardian-api/1.1.2/apiguardian-api-1.1.2.jar:/Users/rubuait/.m2/repository/io/cucumber/cucumber-junit/7.20.1/cucumber-junit-7.20.1.jar:/Users/rubuait/.m2/repository/junit/junit/4.13.2/junit-4.13.2.jar:/Users/rubuait/.m2/repository/org/hamcrest/hamcrest-core/1.3/hamcrest-core-1.3.jar:/Users/rubuait/.m2/repository/io/github/bonigarcia/webdrivermanager/5.9.2/webdrivermanager-5.9.2.jar:/Users/rubuait/.m2/repository/com/google/code/gson/gson/2.11.0/gson-2.11.0.jar:/Users/rubuait/.m2/repository/com/google/errorprone/error_prone_annotations/2.27.0/error_prone_annotations-2.27.0.jar:/Users/rubuait/.m2/repository/com/github/docker-java/docker-java/3.4.0/docker-java-3.4.0.jar:/Users/rubuait/.m2/repository/com/github/docker-java/docker-java-core/3.4.0/docker-java-core-3.4.0.jar:/Users/rubuait/.m2/repository/com/github/docker-java/docker-java-api/3.4.0/docker-java-api-3.4.0.jar:/Users/rubuait/.m2/repository/com/fasterxml/jackson/core/jackson-annotations/2.10.3/jackson-annotations-2.10.3.jar:/Users/rubuait/.m2/repository/com/fasterxml/jackson/core/jackson-databind/2.10.3/jackson-databind-2.10.3.jar:/Users/rubuait/.m2/repository/com/fasterxml/jackson/core/jackson-core/2.10.3/jackson-core-2.10.3.jar:/Users/rubuait/.m2/repository/org/slf4j/jcl-over-slf4j/1.7.30/jcl-over-slf4j-1.7.30.jar:/Users/rubuait/.m2/repository/com/github/docker-java/docker-java-transport-httpclient5/3.4.0/docker-java-transport-httpclient5-3.4.0.jar:/Users/rubuait/.m2/repository/com/github/docker-java/docker-java-transport/3.4.0/docker-java-transport-3.4.0.jar:/Users/rubuait/.m2/repository/net/java/dev/jna/jna/5.13.0/jna-5.13.0.jar:/Users/rubuait/.m2/repository/org/brotli/dec/0.1.2/dec-0.1.2.jar:/Users/rubuait/.m2/repository/org/apache/commons/commons-lang3/3.15.0/commons-lang3-3.15.0.jar:/Users/rubuait/.m2/repository/org/apache/commons/commons-compress/1.26.2/commons-compress-1.26.2.jar:/Users/rubuait/.m2/repository/commons-codec/commons-codec/1.17.0/commons-codec-1.17.0.jar:/Users/rubuait/.m2/repository/commons-io/commons-io/2.16.1/commons-io-2.16.1.jar:/Users/rubuait/.m2/repository/org/apache/httpcomponents/client5/httpclient5/5.2.1/httpclient5-5.2.1.jar:/Users/rubuait/.m2/repository/org/apache/httpcomponents/core5/httpcore5/5.2/httpcore5-5.2.jar:/Users/rubuait/.m2/repository/org/apache/httpcomponents/core5/httpcore5-h2/5.2/httpcore5-h2-5.2.jar:/Users/rubuait/.m2/repository/org/slf4j/slf4j-api/2.0.16/slf4j-api-2.0.16.jar:/Users/rubuait/.m2/repository/org/slf4j/slf4j-simple/2.0.16/slf4j-simple-2.0.16.jar:"/>
    <property name="sun.cpu.endian" value="little"/>
    <property name="user.home" value="/Users/rubuait"/>
    <property name="user.language" value="en"/>
    <property name="java.specification.vendor" value="Oracle Corporation"/>
    <property name="java.version.date" value="2024-10-15"/>
    <property name="java.home" value="/usr/local/Cellar/openjdk/23.0.1/libexec/openjdk.jdk/Contents/Home"/>
    <property name="file.separator" value="/"/>
    <property name="basedir" value="/Users/rubuait/eclipse-workspace/Enthrall_IT_Bdd_Framework"/>
    <property name="java.vm.compressedOopsMode" value="Zero based"/>
    <property name="line.separator" value="&#10;"/>
    <property name="java.vm.specification.vendor" value="Oracle Corporation"/>
    <property name="java.specification.name" value="Java Platform API Specification"/>
    <property name="apple.awt.application.name" value="ForkedBooter"/>
    <property name="surefire.real.class.path" value="/Users/rubuait/eclipse-workspace/Enthrall_IT_Bdd_Framework/target/surefire/surefirebooter-20250223214513759_3.jar"/>
    <property name="sun.management.compiler" value="HotSpot 64-Bit Tiered Compilers"/>
    <property name="ftp.nonProxyHosts" value="local|*.local|169.254/16|*.169.254/16"/>
    <property name="java.runtime.version" value="23.0.1"/>
    <property name="user.name" value="rubuait"/>
    <property name="stdout.encoding" value="UTF-8"/>
    <property name="path.separator" value=":"/>
    <property name="os.version" value="13.7.1"/>
    <property name="java.runtime.name" value="OpenJDK Runtime Environment"/>
    <property name="file.encoding" value="UTF-8"/>
    <property name="java.vm.name" value="OpenJDK 64-Bit Server VM"/>
    <property name="java.vendor.version" value="Homebrew"/>
    <property name="localRepository" value="/Users/rubuait/.m2/repository"/>
    <property name="java.vendor.url.bug" value="https://github.com/Homebrew/homebrew-core/issues"/>
    <property name="java.io.tmpdir" value="/var/folders/_4/7b11stnd6gzfc6bfwzk8sl580000gn/T/"/>
    <property name="java.version" value="23.0.1"/>
    <property name="user.dir" value="/Users/rubuait/eclipse-workspace/Enthrall_IT_Bdd_Framework"/>
    <property name="os.arch" value="x86_64"/>
    <property name="java.vm.specification.name" value="Java Virtual Machine Specification"/>
    <property name="native.encoding" value="UTF-8"/>
    <property name="java.library.path" value="/Users/rubuait/Library/Java/Extensions:/Library/Java/Extensions:/Network/Library/Java/Extensions:/System/Library/Java/Extensions:/usr/lib/java:."/>
    <property name="java.vm.info" value="mixed mode, sharing"/>
    <property name="stderr.encoding" value="UTF-8"/>
    <property name="java.vendor" value="Homebrew"/>
    <property name="java.vm.version" value="23.0.1"/>
    <property name="sun.io.unicode.encoding" value="UnicodeBig"/>
    <property name="socksNonProxyHosts" value="local|*.local|169.254/16|*.169.254/16"/>
    <property name="java.class.version" value="67.0"/>
  </properties>
  <testcase name="Login with valid credentials" classname="Log In" time="0.081">
    <system-out><![CDATA[
@login @regression
Scenario: Login with valid credentials                     &amp#27;[90m# src/test/java/feature/login.feature:13&amp#27;[0m
  &amp#27;[32mGiven &amp#27;[0m&amp#27;[32mStudent is on the Enthrall IT Homepage URL&amp#27;[0m         &amp#27;[90m# stepDefination.LoginStepsDefination.student_is_on_the_enthrall_it_homepage_url()&amp#27;[0m
  &amp#27;[32mWhen &amp#27;[0m&amp#27;[32mStudent click Login Button from the header&amp#27;[0m          &amp#27;[90m# stepDefination.LoginStepsDefination.student_click_login_button_from_the_header()&amp#27;[0m
  &amp#27;[32mThen &amp#27;[0m&amp#27;[32mStudent will navigate to login page&amp#27;[0m                 &amp#27;[90m# stepDefination.LoginStepsDefination.student_will_navigate_to_login_page()&amp#27;[0m
  &amp#27;[32mWhen &amp#27;[0m&amp#27;[32mStudent enter Email in the Email field&amp#27;[0m              &amp#27;[90m# stepDefination.LoginStepsDefination.student_enter_email_in_the_email_field()&amp#27;[0m
  &amp#27;[32mAnd &amp#27;[0m&amp#27;[32mStudent enter Password in the Password field&amp#27;[0m         &amp#27;[90m# stepDefination.LoginStepsDefination.student_enter_password_in_the_password_field()&amp#27;[0m
  &amp#27;[32mAnd &amp#27;[0m&amp#27;[32mStudent finally click on Login Button&amp#27;[0m                &amp#27;[90m# stepDefination.LoginStepsDefination.student_finally_click_on_login_button()&amp#27;[0m
  &amp#27;[32mThen &amp#27;[0m&amp#27;[32mStudent will  be navigate to  the student dashboard&amp#27;[0m &amp#27;[90m# stepDefination.LoginStepsDefination.student_will_be_navigate_to_the_student_dashboard()&amp#27;[0m
]]></system-out>
  </testcase>
  <testcase name="Login with fixed valid credentials" classname="Log In" time="0.007">
    <system-out><![CDATA[
@login @sanity
Scenario: Login with fixed valid credentials               &amp#27;[90m# src/test/java/feature/login.feature:22&amp#27;[0m
  &amp#27;[32mGiven &amp#27;[0m&amp#27;[32mStudent is on the Enthrall IT Homepage URL&amp#27;[0m         &amp#27;[90m# stepDefination.LoginStepsDefination.student_is_on_the_enthrall_it_homepage_url()&amp#27;[0m
  &amp#27;[32mWhen &amp#27;[0m&amp#27;[32mStudent click Login Button from the header&amp#27;[0m          &amp#27;[90m# stepDefination.LoginStepsDefination.student_click_login_button_from_the_header()&amp#27;[0m
  &amp#27;[32mThen &amp#27;[0m&amp#27;[32mStudent will navigate to login page&amp#27;[0m                 &amp#27;[90m# stepDefination.LoginStepsDefination.student_will_navigate_to_login_page()&amp#27;[0m
  &amp#27;[32mWhen &amp#27;[0m&amp#27;[32mStudent enter UserId as &amp#27;[0m&amp#27;[32m&amp#27;[1m'rubuait525@gmail.com'&amp#27;[0m      &amp#27;[90m# stepDefination.LoginStepsDefination.student_enter_user_id_as(java.lang.String)&amp#27;[0m
  &amp#27;[32mAnd &amp#27;[0m&amp#27;[32mStudent enter Password as &amp#27;[0m&amp#27;[32m&amp#27;[1m'Password$1'&amp#27;[0m               &amp#27;[90m# stepDefination.LoginStepsDefination.student_enter_password_as(java.lang.String)&amp#27;[0m
  &amp#27;[32mAnd &amp#27;[0m&amp#27;[32mStudent finally click on Login Button&amp#27;[0m                &amp#27;[90m# stepDefination.LoginStepsDefination.student_finally_click_on_login_button()&amp#27;[0m
  &amp#27;[32mThen &amp#27;[0m&amp#27;[32mStudent will  be navigate to  the student dashboard&amp#27;[0m &amp#27;[90m# stepDefination.LoginStepsDefination.student_will_be_navigate_to_the_student_dashboard()&amp#27;[0m
]]></system-out>
  </testcase>
  <testcase name="Login with sets of valid credentials #1" classname="Log In" time="0.008">
    <system-out><![CDATA[
@login @smoke
Scenario Outline: Login with sets of valid credentials     &amp#27;[90m# src/test/java/feature/login.feature:41&amp#27;[0m
  &amp#27;[32mGiven &amp#27;[0m&amp#27;[32mStudent is on the Enthrall IT Homepage URL&amp#27;[0m         &amp#27;[90m# stepDefination.LoginStepsDefination.student_is_on_the_enthrall_it_homepage_url()&amp#27;[0m
  &amp#27;[32mWhen &amp#27;[0m&amp#27;[32mStudent click Login Button from the header&amp#27;[0m          &amp#27;[90m# stepDefination.LoginStepsDefination.student_click_login_button_from_the_header()&amp#27;[0m
  &amp#27;[32mThen &amp#27;[0m&amp#27;[32mStudent will navigate to login page&amp#27;[0m                 &amp#27;[90m# stepDefination.LoginStepsDefination.student_will_navigate_to_login_page()&amp#27;[0m
  &amp#27;[32mWhen &amp#27;[0m&amp#27;[32mStudent enter UserId as &amp#27;[0m&amp#27;[32m&amp#27;[1m'mizimuktar0@gmail.com'&amp#27;[0m     &amp#27;[90m# stepDefination.LoginStepsDefination.student_enter_user_id_as(java.lang.String)&amp#27;[0m
  &amp#27;[32mAnd &amp#27;[0m&amp#27;[32mStudent enter Password as &amp#27;[0m&amp#27;[32m&amp#27;[1m'password$1'&amp#27;[0m               &amp#27;[90m# stepDefination.LoginStepsDefination.student_enter_password_as(java.lang.String)&amp#27;[0m
  &amp#27;[32mAnd &amp#27;[0m&amp#27;[32mStudent finally click on Login Button&amp#27;[0m                &amp#27;[90m# stepDefination.LoginStepsDefination.student_finally_click_on_login_button()&amp#27;[0m
  &amp#27;[32mThen &amp#27;[0m&amp#27;[32mStudent will  be navigate to  the student dashboard&amp#27;[0m &amp#27;[90m# stepDefination.LoginStepsDefination.student_will_be_navigate_to_the_student_dashboard()&amp#27;[0m
]]></system-out>
  </testcase>
  <testcase name="Login with sets of valid credentials #2" classname="Log In" time="0.009">
    <system-out><![CDATA[
@login @smoke
Scenario Outline: Login with sets of valid credentials     &amp#27;[90m# src/test/java/feature/login.feature:42&amp#27;[0m
  &amp#27;[32mGiven &amp#27;[0m&amp#27;[32mStudent is on the Enthrall IT Homepage URL&amp#27;[0m         &amp#27;[90m# stepDefination.LoginStepsDefination.student_is_on_the_enthrall_it_homepage_url()&amp#27;[0m
  &amp#27;[32mWhen &amp#27;[0m&amp#27;[32mStudent click Login Button from the header&amp#27;[0m          &amp#27;[90m# stepDefination.LoginStepsDefination.student_click_login_button_from_the_header()&amp#27;[0m
  &amp#27;[32mThen &amp#27;[0m&amp#27;[32mStudent will navigate to login page&amp#27;[0m                 &amp#27;[90m# stepDefination.LoginStepsDefination.student_will_navigate_to_login_page()&amp#27;[0m
  &amp#27;[32mWhen &amp#27;[0m&amp#27;[32mStudent enter UserId as &amp#27;[0m&amp#27;[32m&amp#27;[1m'ayshasiddqua26@gmail.com'&amp#27;[0m  &amp#27;[90m# stepDefination.LoginStepsDefination.student_enter_user_id_as(java.lang.String)&amp#27;[0m
  &amp#27;[32mAnd &amp#27;[0m&amp#27;[32mStudent enter Password as &amp#27;[0m&amp#27;[32m&amp#27;[1m'Faizan2026#'&amp#27;[0m              &amp#27;[90m# stepDefination.LoginStepsDefination.student_enter_password_as(java.lang.String)&amp#27;[0m
  &amp#27;[32mAnd &amp#27;[0m&amp#27;[32mStudent finally click on Login Button&amp#27;[0m                &amp#27;[90m# stepDefination.LoginStepsDefination.student_finally_click_on_login_button()&amp#27;[0m
  &amp#27;[32mThen &amp#27;[0m&amp#27;[32mStudent will  be navigate to  the student dashboard&amp#27;[0m &amp#27;[90m# stepDefination.LoginStepsDefination.student_will_be_navigate_to_the_student_dashboard()&amp#27;[0m
]]></system-out>
  </testcase>
  <testcase name="Login with sets of valid credentials #3" classname="Log In" time="0.007">
    <system-out><![CDATA[
@login @smoke
Scenario Outline: Login with sets of valid credentials     &amp#27;[90m# src/test/java/feature/login.feature:43&amp#27;[0m
  &amp#27;[32mGiven &amp#27;[0m&amp#27;[32mStudent is on the Enthrall IT Homepage URL&amp#27;[0m         &amp#27;[90m# stepDefination.LoginStepsDefination.student_is_on_the_enthrall_it_homepage_url()&amp#27;[0m
  &amp#27;[32mWhen &amp#27;[0m&amp#27;[32mStudent click Login Button from the header&amp#27;[0m          &amp#27;[90m# stepDefination.LoginStepsDefination.student_click_login_button_from_the_header()&amp#27;[0m
  &amp#27;[32mThen &amp#27;[0m&amp#27;[32mStudent will navigate to login page&amp#27;[0m                 &amp#27;[90m# stepDefination.LoginStepsDefination.student_will_navigate_to_login_page()&amp#27;[0m
  &amp#27;[32mWhen &amp#27;[0m&amp#27;[32mStudent enter UserId as &amp#27;[0m&amp#27;[32m&amp#27;[1m'mariabegum2121'&amp#27;[0m            &amp#27;[90m# stepDefination.LoginStepsDefination.student_enter_user_id_as(java.lang.String)&amp#27;[0m
  &amp#27;[32mAnd &amp#27;[0m&amp#27;[32mStudent enter Password as &amp#27;[0m&amp#27;[32m&amp#27;[1m'saimun388556Bd@'&amp#27;[0m          &amp#27;[90m# stepDefination.LoginStepsDefination.student_enter_password_as(java.lang.String)&amp#27;[0m
  &amp#27;[32mAnd &amp#27;[0m&amp#27;[32mStudent finally click on Login Button&amp#27;[0m                &amp#27;[90m# stepDefination.LoginStepsDefination.student_finally_click_on_login_button()&amp#27;[0m
  &amp#27;[32mThen &amp#27;[0m&amp#27;[32mStudent will  be navigate to  the student dashboard&amp#27;[0m &amp#27;[90m# stepDefination.LoginStepsDefination.student_will_be_navigate_to_the_student_dashboard()&amp#27;[0m
]]></system-out>
  </testcase>
  <testcase name="Login with sets of valid credentials #4" classname="Log In" time="0.01">
    <system-out><![CDATA[
@login @smoke
Scenario Outline: Login with sets of valid credentials     &amp#27;[90m# src/test/java/feature/login.feature:44&amp#27;[0m
  &amp#27;[32mGiven &amp#27;[0m&amp#27;[32mStudent is on the Enthrall IT Homepage URL&amp#27;[0m         &amp#27;[90m# stepDefination.LoginStepsDefination.student_is_on_the_enthrall_it_homepage_url()&amp#27;[0m
  &amp#27;[32mWhen &amp#27;[0m&amp#27;[32mStudent click Login Button from the header&amp#27;[0m          &amp#27;[90m# stepDefination.LoginStepsDefination.student_click_login_button_from_the_header()&amp#27;[0m
  &amp#27;[32mThen &amp#27;[0m&amp#27;[32mStudent will navigate to login page&amp#27;[0m                 &amp#27;[90m# stepDefination.LoginStepsDefination.student_will_navigate_to_login_page()&amp#27;[0m
  &amp#27;[32mWhen &amp#27;[0m&amp#27;[32mStudent enter UserId as &amp#27;[0m&amp#27;[32m&amp#27;[1m'rubuait525@gmail.com'&amp#27;[0m      &amp#27;[90m# stepDefination.LoginStepsDefination.student_enter_user_id_as(java.lang.String)&amp#27;[0m
  &amp#27;[32mAnd &amp#27;[0m&amp#27;[32mStudent enter Password as &amp#27;[0m&amp#27;[32m&amp#27;[1m'Password$1'&amp#27;[0m               &amp#27;[90m# stepDefination.LoginStepsDefination.student_enter_password_as(java.lang.String)&amp#27;[0m
  &amp#27;[32mAnd &amp#27;[0m&amp#27;[32mStudent finally click on Login Button&amp#27;[0m                &amp#27;[90m# stepDefination.LoginStepsDefination.student_finally_click_on_login_button()&amp#27;[0m
  &amp#27;[32mThen &amp#27;[0m&amp#27;[32mStudent will  be navigate to  the student dashboard&amp#27;[0m &amp#27;[90m# stepDefination.LoginStepsDefination.student_will_be_navigate_to_the_student_dashboard()&amp#27;[0m
]]></system-out>
  </testcase>
</testsuite>